TN:
SF:src\services\firebase.js
FNF:0
FNH:0
DA:17,0
DA:28,0
DA:30,0
DA:31,0
LF:4
LH:0
BRDA:28,0,0,0
BRDA:28,0,1,0
BRF:2
BRH:0
end_of_record
TN:
SF:src\services\notificationService.js
FN:22,(anonymous_0)
FNF:1
FNH:1
FNDA:12,(anonymous_0)
DA:22,1
DA:30,12
DA:31,10
DA:33,9
DA:34,9
DA:45,2
LF:6
LH:6
BRDA:27,0,0,12
BRDA:28,1,0,12
BRDA:30,2,0,2
BRDA:30,2,1,10
BRDA:30,3,0,12
BRDA:30,3,1,11
BRDA:31,4,0,1
BRDA:31,4,1,9
BRDA:37,5,0,9
BRDA:37,5,1,1
BRF:10
BRH:10
end_of_record
TN:
SF:src\services\productService.js
FN:10,(anonymous_0)
FN:21,(anonymous_1)
FN:59,(anonymous_2)
FN:77,(anonymous_3)
FN:86,(anonymous_4)
FNF:5
FNH:5
FNDA:3,(anonymous_0)
FNDA:6,(anonymous_1)
FNDA:3,(anonymous_2)
FNDA:2,(anonymous_3)
FNDA:3,(anonymous_4)
DA:10,1
DA:11,3
DA:12,2
DA:13,2
DA:14,2
DA:16,0
DA:17,0
DA:21,1
DA:22,6
DA:23,6
DA:24,6
DA:26,6
DA:27,6
DA:43,6
DA:44,6
DA:45,5
DA:46,2
DA:51,5
DA:52,5
DA:54,1
DA:55,1
DA:59,1
DA:60,3
DA:61,3
DA:62,3
DA:72,1
DA:73,1
DA:77,1
DA:78,2
DA:79,2
DA:81,1
DA:82,1
DA:86,1
DA:87,3
DA:88,3
DA:90,1
DA:91,1
LF:37
LH:35
BRDA:11,0,0,1
BRDA:11,0,1,2
BRDA:14,1,0,1
BRDA:14,1,1,1
BRDA:32,2,0,6
BRDA:32,2,1,1
BRDA:33,3,0,6
BRDA:33,3,1,0
BRDA:33,3,2,0
BRDA:34,4,0,6
BRDA:34,4,1,0
BRDA:34,4,2,0
BRDA:35,5,0,6
BRDA:35,5,1,6
BRDA:36,6,0,6
BRDA:36,6,1,0
BRDA:45,7,0,2
BRDA:45,7,1,3
BRDA:47,8,0,2
BRDA:47,8,1,0
BRDA:67,9,0,3
BRDA:67,9,1,1
BRDA:67,9,2,0
BRF:23
BRH:16
end_of_record
TN:
SF:src\services\userService.js
FN:14,(anonymous_0)
FN:25,(anonymous_1)
FN:29,(anonymous_2)
FN:37,(anonymous_3)
FN:49,(anonymous_4)
FN:67,(anonymous_5)
FN:104,(anonymous_6)
FNF:7
FNH:7
FNDA:3,(anonymous_0)
FNDA:3,(anonymous_1)
FNDA:2,(anonymous_2)
FNDA:2,(anonymous_3)
FNDA:2,(anonymous_4)
FNDA:5,(anonymous_5)
FNDA:2,(anonymous_6)
DA:14,1
DA:15,3
DA:16,2
DA:17,2
DA:25,1
DA:26,3
DA:27,2
DA:28,2
DA:29,2
DA:37,1
DA:38,2
DA:39,2
DA:43,1
DA:44,1
DA:49,1
DA:50,2
DA:51,2
DA:55,1
DA:56,1
DA:67,1
DA:68,5
DA:69,5
DA:70,5
DA:72,4
DA:83,5
DA:84,2
DA:85,2
DA:88,2
DA:89,2
DA:94,1
DA:95,1
DA:104,1
DA:105,2
LF:33
LH:33
BRDA:15,0,0,1
BRDA:15,0,1,2
BRDA:17,1,0,1
BRDA:17,1,1,1
BRDA:26,2,0,1
BRDA:26,2,1,2
BRDA:74,3,0,4
BRDA:74,3,1,0
BRDA:76,4,0,5
BRDA:76,4,1,1
BRDA:83,5,0,2
BRDA:83,5,1,3
BRDA:91,6,0,2
BRDA:91,6,1,1
BRF:14
BRH:13
end_of_record
TN:
SF:src\utils\errorHandler.js
FN:49,(anonymous_0)
FN:70,(anonymous_1)
FNF:2
FNH:2
FNDA:9,(anonymous_0)
FNDA:1,(anonymous_1)
DA:6,1
DA:34,1
DA:49,1
DA:50,9
DA:52,9
DA:53,4
DA:56,5
DA:57,1
DA:60,4
DA:70,1
DA:71,1
DA:72,1
LF:12
LH:12
BRDA:49,0,0,9
BRDA:50,1,0,9
BRDA:50,1,1,3
BRDA:52,2,0,4
BRDA:52,2,1,5
BRDA:52,3,0,9
BRDA:52,3,1,6
BRDA:56,4,0,1
BRDA:56,4,1,4
BRDA:60,5,0,4
BRDA:60,5,1,0
BRDA:71,6,0,1
BRDA:71,6,1,0
BRF:13
BRH:11
end_of_record
TN:
SF:src\utils\favoritesStorage.js
FN:11,(anonymous_0)
FN:14,(anonymous_1)
FN:17,(anonymous_2)
FN:27,(anonymous_3)
FNF:4
FNH:0
FNDA:0,(anonymous_0)
FNDA:0,(anonymous_1)
FNDA:0,(anonymous_2)
FNDA:0,(anonymous_3)
DA:9,0
DA:11,0
DA:12,0
DA:14,0
DA:15,0
DA:17,0
DA:18,0
DA:27,0
DA:28,0
LF:9
LH:0
BRDA:12,0,0,0
BRDA:12,0,1,0
BRDA:27,1,0,0
BRDA:27,2,0,0
BRF:4
BRH:0
end_of_record
